#
# There is insufficient memory for the Java Runtime Environment to continue.
# Native memory allocation (mmap) failed to map 268435456 bytes for G1 virtual space
# Possible reasons:
#   The system is out of physical RAM or swap space
#   The process is running with CompressedOops enabled, and the Java Heap may be blocking the growth of the native heap
# Possible solutions:
#   Reduce memory load on the system
#   Increase physical memory or swap space
#   Check if swap backing store is full
#   Decrease Java heap size (-Xmx/-Xms)
#   Decrease number of Java threads
#   Decrease Java thread stack sizes (-Xss)
#   Set larger code cache with -XX:ReservedCodeCacheSize=
#   JVM is running with Zero Based Compressed Oops mode in which the Java heap is
#     placed in the first 32GB address space. The Java Heap base address is the
#     maximum limit for the native heap growth. Please use -XX:HeapBaseMinAddress
#     to set the Java Heap base and to place the Java Heap above 32GB virtual address.
# This output file may be truncated or incomplete.
#
#  Out of Memory Error (os_windows.cpp:3552), pid=207440, tid=205956
#
# JRE version:  (17.0.9+11) (build )
# Java VM: Java HotSpot(TM) 64-Bit Server VM (17.0.9+11-LTS-201, mixed mode, sharing, tiered, compressed oops, compressed class ptrs, g1 gc, windows-amd64)
# No core dump will be written. Minidumps are not enabled by default on client versions of Windows
#

---------------  S U M M A R Y ------------

Command Line: -Dnet.bytebuddy.agent.attacher.dump= net.bytebuddy.agent.Attacher com.sun.tools.attach.VirtualMachine 208416 C:\Users\mimi\.gradle\caches\modules-2\files-2.1\net.bytebuddy\byte-buddy-agent\1.14.12\be4984cb6fd1ef1d11f218a648889dfda44b8a15\byte-buddy-agent-1.14.12.jar false 

Host: Intel(R) Core(TM) i7-6700 CPU @ 3.40GHz, 8 cores, 15G,  Windows 10 , 64 bit Build 19041 (10.0.19041.3636)
Time: Sat Mar  2 18:15:57 2024  Windows 10 , 64 bit Build 19041 (10.0.19041.3636) elapsed time: 0.016384 seconds (0d 0h 0m 0s)

---------------  T H R E A D  ---------------

Current thread (0x0000024c6867e4c0):  JavaThread "Unknown thread" [_thread_in_vm, id=205956, stack(0x00000071e6c00000,0x00000071e6d00000)]

Stack: [0x00000071e6c00000,0x00000071e6d00000]
Native frames: (J=compiled Java code, j=interpreted, Vv=VM code, C=native code)
V  [jvm.dll+0x678a4a]
V  [jvm.dll+0x7d9cfd]
V  [jvm.dll+0x7db60e]
V  [jvm.dll+0x7dbc73]
V  [jvm.dll+0x245e1f]
V  [jvm.dll+0x6758f9]
V  [jvm.dll+0x66a2a2]
V  [jvm.dll+0x303686]
V  [jvm.dll+0x30ac06]
V  [jvm.dll+0x35a48e]
V  [jvm.dll+0x35a6bf]
V  [jvm.dll+0x2da678]
V  [jvm.dll+0x2db5e4]
V  [jvm.dll+0x7ab6b1]
V  [jvm.dll+0x368041]
V  [jvm.dll+0x78a749]
V  [jvm.dll+0x3ebd4f]
V  [jvm.dll+0x3ed7d1]
C  [jli.dll+0x5297]
C  [ucrtbase.dll+0x21bb2]
C  [KERNEL32.DLL+0x17344]
C  [ntdll.dll+0x526b1]


---------------  P R O C E S S  ---------------

Threads class SMR info:
_java_thread_list=0x00007ffcc51989d8, length=0, elements={
}

Java Threads: ( => current thread )

Other Threads:
  0x0000024c6a735320 GCTaskThread "GC Thread#0" [stack: 0x00000071e6d00000,0x00000071e6e00000] [id=196688]
  0x0000024c6a747060 ConcurrentGCThread "G1 Main Marker" [stack: 0x00000071e6e00000,0x00000071e6f00000] [id=193400]
  0x0000024c6a749130 ConcurrentGCThread "G1 Conc#0" [stack: 0x00000071e6f00000,0x00000071e7000000] [id=122520]

[error occurred during error reporting (printing all threads), id 0xc0000005, EXCEPTION_ACCESS_VIOLATION (0xc0000005) at pc=0x00007ffcc49cb2d7]

VM state: not at safepoint (not fully initialized)

VM Mutex/Monitor currently owned by a thread:  ([mutex/lock_event])
[0x0000024c6867d9d0] Heap_lock - owner thread: 0x0000024c6867e4c0

Heap address: 0x0000000701200000, size: 4078 MB, Compressed Oops mode: Zero based, Oop shift amount: 3

CDS archive(s) mapped at: [0x0000000000000000-0x0000000000000000-0x0000000000000000), size 0, SharedBaseAddress: 0x0000000800000000, ArchiveRelocationMode: 1.
Narrow klass base: 0x0000000000000000, Narrow klass shift: 0, Narrow klass range: 0x0

GC Precious Log:
<Empty>

Heap:
 garbage-first heap   total 0K, used 0K [0x0000000701200000, 0x0000000800000000)
  region size 2048K, 0 young (0K), 0 survivors (0K)

[error occurred during error reporting (printing heap information), id 0xc0000005, EXCEPTION_ACCESS_VIOLATION (0xc0000005) at pc=0x00007ffcc4db2229]

GC Heap History (0 events):
No events

Deoptimization events (0 events):
No events

Classes unloaded (0 events):
No events

Classes redefined (0 events):
No events

Internal exceptions (0 events):
No events

VM Operations (0 events):
No events

Events (1 events):
Event: 0.012 Loaded shared library C:\Program Files\Java\jdk-17\bin\java.dll


Dynamic libraries:
0x00007ff6755d0000 - 0x00007ff6755e0000 	C:\Program Files\Java\jdk-17\bin\java.exe
0x00007ffd3c790000 - 0x00007ffd3c988000 	C:\Windows\SYSTEM32\ntdll.dll
0x00007ffd3c360000 - 0x00007ffd3c41d000 	C:\Windows\System32\KERNEL32.DLL
0x00007ffd3a160000 - 0x00007ffd3a456000 	C:\Windows\System32\KERNELBASE.dll
0x00007ffd3a030000 - 0x00007ffd3a130000 	C:\Windows\System32\ucrtbase.dll
0x00007ffd1b7e0000 - 0x00007ffd1b7f9000 	C:\Program Files\Java\jdk-17\bin\jli.dll
0x00007ffd22610000 - 0x00007ffd2262b000 	C:\Program Files\Java\jdk-17\bin\VCRUNTIME140.dll
0x00007ffd3ad30000 - 0x00007ffd3ade3000 	C:\Windows\System32\ADVAPI32.dll
0x00007ffd3b010000 - 0x00007ffd3b0ae000 	C:\Windows\System32\msvcrt.dll
0x00007ffd3bbe0000 - 0x00007ffd3bc7f000 	C:\Windows\System32\sechost.dll
0x00007ffd3b160000 - 0x00007ffd3b286000 	C:\Windows\System32\RPCRT4.dll
0x00007ffd3a460000 - 0x00007ffd3a487000 	C:\Windows\System32\bcrypt.dll
0x00007ffd3adf0000 - 0x00007ffd3af8e000 	C:\Windows\System32\USER32.dll
0x00007ffd3a130000 - 0x00007ffd3a152000 	C:\Windows\System32\win32u.dll
0x00007ffd3b460000 - 0x00007ffd3b48b000 	C:\Windows\System32\GDI32.dll
0x00007ffd39e50000 - 0x00007ffd39f67000 	C:\Windows\System32\gdi32full.dll
0x00007ffd22e80000 - 0x00007ffd2311a000 	C:\Windows\WinSxS\amd64_microsoft.windows.common-controls_6595b64144ccf1df_6.0.19041.3636_none_60b6a03d71f818d5\COMCTL32.dll
0x00007ffd3a490000 - 0x00007ffd3a52d000 	C:\Windows\System32\msvcp_win.dll
0x00007ffd33350000 - 0x00007ffd3335a000 	C:\Windows\SYSTEM32\VERSION.dll
0x00007ffd3c710000 - 0x00007ffd3c742000 	C:\Windows\System32\IMM32.DLL
0x00007ffd25990000 - 0x00007ffd2599c000 	C:\Program Files\Java\jdk-17\bin\vcruntime140_1.dll
0x00007ffd0e160000 - 0x00007ffd0e1ee000 	C:\Program Files\Java\jdk-17\bin\msvcp140.dll
0x00007ffcc46e0000 - 0x00007ffcc52c1000 	C:\Program Files\Java\jdk-17\bin\server\jvm.dll
0x00007ffd3ad20000 - 0x00007ffd3ad28000 	C:\Windows\System32\PSAPI.DLL
0x00007ffd35d50000 - 0x00007ffd35d59000 	C:\Windows\SYSTEM32\WSOCK32.dll
0x00007ffd2e320000 - 0x00007ffd2e347000 	C:\Windows\SYSTEM32\WINMM.dll
0x00007ffd3b290000 - 0x00007ffd3b2fb000 	C:\Windows\System32\WS2_32.dll
0x00007ffd37c40000 - 0x00007ffd37c52000 	C:\Windows\SYSTEM32\kernel.appcore.dll
0x00007ffd22cf0000 - 0x00007ffd22cfa000 	C:\Program Files\Java\jdk-17\bin\jimage.dll
0x00007ffd32f20000 - 0x00007ffd33104000 	C:\Windows\SYSTEM32\DBGHELP.DLL
0x00007ffd32ee0000 - 0x00007ffd32f14000 	C:\Windows\SYSTEM32\dbgcore.DLL
0x00007ffd3a740000 - 0x00007ffd3a7c2000 	C:\Windows\System32\bcryptPrimitives.dll
0x00007ffd12ad0000 - 0x00007ffd12af5000 	C:\Program Files\Java\jdk-17\bin\java.dll

dbghelp: loaded successfully - version: 4.0.5 - missing functions: none
symbol engine: initialized successfully - sym options: 0x614 - pdb path: .;C:\Program Files\Java\jdk-17\bin;C:\Windows\SYSTEM32;C:\Windows\WinSxS\amd64_microsoft.windows.common-controls_6595b64144ccf1df_6.0.19041.3636_none_60b6a03d71f818d5;C:\Program Files\Java\jdk-17\bin\server

VM Arguments:
jvm_args: -Dnet.bytebuddy.agent.attacher.dump= 
java_command: net.bytebuddy.agent.Attacher com.sun.tools.attach.VirtualMachine 208416 C:\Users\mimi\.gradle\caches\modules-2\files-2.1\net.bytebuddy\byte-buddy-agent\1.14.12\be4984cb6fd1ef1d11f218a648889dfda44b8a15\byte-buddy-agent-1.14.12.jar false 
java_class_path (initial): C:\Users\mimi\.gradle\caches\modules-2\files-2.1\net.bytebuddy\byte-buddy-agent\1.14.12\be4984cb6fd1ef1d11f218a648889dfda44b8a15\byte-buddy-agent-1.14.12.jar
Launcher Type: SUN_STANDARD

[Global flags]
     intx CICompilerCount                          = 4                                         {product} {ergonomic}
     uint ConcGCThreads                            = 2                                         {product} {ergonomic}
     uint G1ConcRefinementThreads                  = 8                                         {product} {ergonomic}
   size_t G1HeapRegionSize                         = 2097152                                   {product} {ergonomic}
    uintx GCDrainStackTargetSize                   = 64                                        {product} {ergonomic}
   size_t InitialHeapSize                          = 268435456                                 {product} {ergonomic}
   size_t MarkStackSize                            = 4194304                                   {product} {ergonomic}
   size_t MaxHeapSize                              = 4276092928                                {product} {ergonomic}
   size_t MinHeapDeltaBytes                        = 2097152                                   {product} {ergonomic}
   size_t MinHeapSize                              = 8388608                                   {product} {ergonomic}
    uintx NonNMethodCodeHeapSize                   = 5839372                                {pd product} {ergonomic}
    uintx NonProfiledCodeHeapSize                  = 122909434                              {pd product} {ergonomic}
    uintx ProfiledCodeHeapSize                     = 122909434                              {pd product} {ergonomic}
    uintx ReservedCodeCacheSize                    = 251658240                              {pd product} {ergonomic}
     bool SegmentedCodeCache                       = true                                      {product} {ergonomic}
   size_t SoftMaxHeapSize                          = 4276092928                             {manageable} {ergonomic}
     bool UseCompressedClassPointers               = true                           {product lp64_product} {ergonomic}
     bool UseCompressedOops                        = true                           {product lp64_product} {ergonomic}
     bool UseG1GC                                  = true                                      {product} {ergonomic}
     bool UseLargePagesIndividualAllocation        = false                                  {pd product} {ergonomic}

Logging:
Log output configuration:
 #0: stdout all=warning uptime,level,tags
 #1: stderr all=off uptime,level,tags

Environment Variables:
JAVA_HOME=C:\Program Files\Java\jdk-11.0.13
CLASSPATH=C:\Program Files\Java\jdk-11.0.13\lib
PATH=C:\Python310\Scripts\;C:\Python310\;"C:\Program Files\Java\jdk-11.0.13\bin;";C:\Program Files\Common Files\Oracle\Java\javapath;C:\Program Files (x86)\Common Files\Oracle\Java\javapath;C:\oraclexe\app\oracle\product\11.2.0\server\bin;D:\app\mimi\product\11.2.0\client_2\bin;D:\app\mimi\product\11.2.0\client_1;C:\Windows\system32;C:\Windows;C:\Windows\System32\Wbem;C:\Windows\System32\WindowsPowerShell\v1.0\;C:\Windows\System32\OpenSSH\;C:\Program Files\Bandizip\;C:\Program Files\nodejs\;C:\ProgramData\chocolatey\bin;C:\Program Files\Git\cmd;C:\Program Files\Java\jdk-11.0.13\bin;C:\Users\mimi\AppData\Local\Microsoft\WindowsApps;C:\Program Files\JetBrains\IntelliJ IDEA 2022.1.2\bin;;C:\Program Files\MariaDB 10.6\bin;;C:\Users\mimi\AppData\Local\Programs\Microsoft VS Code\bin;C:\Users\mimi\AppData\Roaming\npm
USERNAME=mimi
OS=Windows_NT
PROCESSOR_IDENTIFIER=Intel64 Family 6 Model 94 Stepping 3, GenuineIntel



---------------  S Y S T E M  ---------------

OS:
 Windows 10 , 64 bit Build 19041 (10.0.19041.3636)
OS uptime: 13 days 23:26 hours

CPU: total 8 (initial active 8) (4 cores per cpu, 2 threads per core) family 6 model 94 stepping 3 microcode 0xcc, cx8, cmov, fxsr, ht, mmx, 3dnowpref, sse, sse2, sse3, ssse3, sse4.1, sse4.2, popcnt, lzcnt, tsc, tscinvbit, avx, avx2, aes, erms, clmul, bmi1, bmi2, rtm, adx, fma, vzeroupper, clflush, clflushopt

Memory: 4k page, system-wide physical 16304M (751M free)
TotalPageFile size 46747M (AvailPageFile size 176M)
current process WorkingSet (physical memory assigned to process): 10M, peak: 10M
current process commit charge ("private bytes"): 60M, peak: 316M

vm_info: Java HotSpot(TM) 64-Bit Server VM (17.0.9+11-LTS-201) for windows-amd64 JRE (17.0.9+11-LTS-201), built on Oct 10 2023 23:16:06 by "mach5one" with MS VC++ 17.1 (VS2022)

END.
